{"contracts/NftMarketplace.sol":{"l":{"59":13,"60":13,"61":1,"63":12,"71":18,"72":18,"73":18,"74":3,"76":15,"80":8,"81":8,"82":3,"84":5,"107":11,"108":0,"111":11,"112":11,"113":1,"115":10,"116":10,"125":3,"126":3,"127":1,"134":2,"135":2,"136":2,"142":2,"150":1,"151":1,"163":1,"164":1,"168":2,"169":2,"170":1,"172":1,"173":1,"174":1,"175":0,"188":3,"192":2},"path":"/home/arpitdev/hardhat-nft-marketplace/contracts/NftMarketplace.sol","s":{"1":13,"2":13,"3":18,"4":18,"5":18,"6":8,"7":8,"8":11,"9":11,"10":11,"11":10,"12":10,"13":3,"14":3,"15":2,"16":2,"17":2,"18":1,"19":1,"20":1,"21":2,"22":2,"23":1,"24":1,"25":1,"26":3,"27":2},"b":{"1":[1,12],"2":[3,15],"3":[3,5],"4":[0,11],"5":[1,10],"6":[1,2],"7":[1,1],"8":[0,1]},"f":{"1":13,"2":18,"3":8,"4":11,"5":3,"6":1,"7":1,"8":2,"9":3,"10":2},"fnMap":{"1":{"name":"notListed","line":54,"loc":{"start":{"line":54,"column":4},"end":{"line":64,"column":4}}},"2":{"name":"isOwner","line":66,"loc":{"start":{"line":66,"column":4},"end":{"line":77,"column":4}}},"3":{"name":"isListed","line":79,"loc":{"start":{"line":79,"column":4},"end":{"line":85,"column":4}}},"4":{"name":"listItem","line":105,"loc":{"start":{"line":98,"column":4},"end":{"line":117,"column":4}}},"5":{"name":"buyItem","line":123,"loc":{"start":{"line":119,"column":4},"end":{"line":143,"column":4}}},"6":{"name":"cancelListing","line":148,"loc":{"start":{"line":145,"column":4},"end":{"line":152,"column":4}}},"7":{"name":"updateListing","line":161,"loc":{"start":{"line":154,"column":4},"end":{"line":165,"column":4}}},"8":{"name":"withdrawProceeds","line":167,"loc":{"start":{"line":167,"column":4},"end":{"line":177,"column":4}}},"9":{"name":"getListing","line":183,"loc":{"start":{"line":183,"column":4},"end":{"line":189,"column":4}}},"10":{"name":"getProceeds","line":191,"loc":{"start":{"line":191,"column":4},"end":{"line":193,"column":4}}}},"statementMap":{"1":{"start":{"line":59,"column":8},"end":{"line":59,"column":64}},"2":{"start":{"line":60,"column":8},"end":{"line":60,"column":1671}},"3":{"start":{"line":71,"column":8},"end":{"line":71,"column":41}},"4":{"start":{"line":72,"column":8},"end":{"line":72,"column":44}},"5":{"start":{"line":73,"column":8},"end":{"line":73,"column":1999}},"6":{"start":{"line":80,"column":8},"end":{"line":80,"column":64}},"7":{"start":{"line":81,"column":8},"end":{"line":81,"column":2233}},"8":{"start":{"line":107,"column":8},"end":{"line":107,"column":2845}},"9":{"start":{"line":111,"column":8},"end":{"line":111,"column":41}},"10":{"start":{"line":112,"column":8},"end":{"line":112,"column":2983}},"11":{"start":{"line":115,"column":8},"end":{"line":115,"column":67}},"12":{"start":{"line":116,"column":8},"end":{"line":116,"column":63}},"13":{"start":{"line":125,"column":8},"end":{"line":125,"column":67}},"14":{"start":{"line":126,"column":8},"end":{"line":126,"column":3481}},"15":{"start":{"line":134,"column":8},"end":{"line":134,"column":49}},"16":{"start":{"line":136,"column":8},"end":{"line":136,"column":3958}},"17":{"start":{"line":142,"column":8},"end":{"line":142,"column":74}},"18":{"start":{"line":151,"column":8},"end":{"line":151,"column":59}},"19":{"start":{"line":163,"column":8},"end":{"line":163,"column":55}},"20":{"start":{"line":164,"column":8},"end":{"line":164,"column":66}},"21":{"start":{"line":168,"column":8},"end":{"line":168,"column":49}},"22":{"start":{"line":169,"column":8},"end":{"line":169,"column":4915}},"23":{"start":{"line":172,"column":8},"end":{"line":172,"column":33}},"24":{"start":{"line":173,"column":8},"end":{"line":173,"column":72}},"25":{"start":{"line":174,"column":8},"end":{"line":174,"column":5113}},"26":{"start":{"line":188,"column":8},"end":{"line":188,"column":46}},"27":{"start":{"line":192,"column":8},"end":{"line":192,"column":33}}},"branchMap":{"1":{"line":60,"type":"if","locations":[{"start":{"line":60,"column":8},"end":{"line":60,"column":8}},{"start":{"line":60,"column":8},"end":{"line":60,"column":8}}]},"2":{"line":73,"type":"if","locations":[{"start":{"line":73,"column":8},"end":{"line":73,"column":8}},{"start":{"line":73,"column":8},"end":{"line":73,"column":8}}]},"3":{"line":81,"type":"if","locations":[{"start":{"line":81,"column":8},"end":{"line":81,"column":8}},{"start":{"line":81,"column":8},"end":{"line":81,"column":8}}]},"4":{"line":107,"type":"if","locations":[{"start":{"line":107,"column":8},"end":{"line":107,"column":8}},{"start":{"line":107,"column":8},"end":{"line":107,"column":8}}]},"5":{"line":112,"type":"if","locations":[{"start":{"line":112,"column":8},"end":{"line":112,"column":8}},{"start":{"line":112,"column":8},"end":{"line":112,"column":8}}]},"6":{"line":126,"type":"if","locations":[{"start":{"line":126,"column":8},"end":{"line":126,"column":8}},{"start":{"line":126,"column":8},"end":{"line":126,"column":8}}]},"7":{"line":169,"type":"if","locations":[{"start":{"line":169,"column":8},"end":{"line":169,"column":8}},{"start":{"line":169,"column":8},"end":{"line":169,"column":8}}]},"8":{"line":174,"type":"if","locations":[{"start":{"line":174,"column":8},"end":{"line":174,"column":8}},{"start":{"line":174,"column":8},"end":{"line":174,"column":8}}]}}},"contracts/test/BasicNft.sol":{"l":{"12":3,"16":15,"17":15,"18":15,"24":0,"28":0},"path":"/home/arpitdev/hardhat-nft-marketplace/contracts/test/BasicNft.sol","s":{"1":3,"2":15,"3":15,"4":0,"5":0},"b":{},"f":{"1":3,"2":15,"3":0,"4":0},"fnMap":{"1":{"name":"constructor","line":11,"loc":{"start":{"line":11,"column":4},"end":{"line":13,"column":4}}},"2":{"name":"mintNft","line":15,"loc":{"start":{"line":15,"column":4},"end":{"line":19,"column":4}}},"3":{"name":"tokenURI","line":21,"loc":{"start":{"line":21,"column":4},"end":{"line":25,"column":4}}},"4":{"name":"getTokenCounter","line":27,"loc":{"start":{"line":27,"column":4},"end":{"line":29,"column":4}}}},"statementMap":{"1":{"start":{"line":12,"column":8},"end":{"line":12,"column":25}},"2":{"start":{"line":16,"column":8},"end":{"line":16,"column":44}},"3":{"start":{"line":18,"column":8},"end":{"line":18,"column":29}},"4":{"start":{"line":24,"column":8},"end":{"line":24,"column":24}},"5":{"start":{"line":28,"column":8},"end":{"line":28,"column":29}}},"branchMap":{}}}